Build started 8/19/2016 9:38:13 PM.
     1>Project "D:\Work\Dump\SDVAEngine\Engine\Engine.vcxproj" on node 2 (Build target(s)).
     1>ClCompile:
         C:\Program Files (x86)\Microsoft Visual Studio 14.0\VC\bin\x86_amd64\CL.exe /c /I"../SFML-2.3.2/include" /Zi /nologo /W3 /WX- /sdl /O2 /Oi /GL /D SFML_STATIC /D NDEBUG /D _CONSOLE /D _UNICODE /D UNICODE /Gm- /EHsc /MD /GS /Gy /fp:precise /Zc:wchar_t /Zc:forScope /Zc:inline /Fo"x64\Release\\" /Fd"x64\Release\vc140.pdb" /Gd /TP /errorReport:prompt GameObjects.cpp
         GameObjects.cpp
     1>GameObjects.cpp(43): warning C4244: '=': conversion from 'unsigned int' to 'float', possible loss of data
     1>GameObjects.cpp(52): warning C4244: '=': conversion from 'unsigned int' to 'float', possible loss of data
       Link:
         C:\Program Files (x86)\Microsoft Visual Studio 14.0\VC\bin\x86_amd64\link.exe /ERRORREPORT:PROMPT /OUT:"D:\Work\Dump\SDVAEngine\Engine\x64\Release\Engine.exe" /INCREMENTAL:NO /NOLOGO /LIBPATH:"../SFML-2.3.2/lib" "sfml-graphics-s.lib" "sfml-window-s.lib" "sfml-audio-s.lib" "sfml-network-s.lib" "sfml-system-s.lib" opengl32.lib freetype.lib jpeg.lib winmm.lib gdi32.lib ws2_32.lib kernel32.lib user32.lib gdi32.lib winspool.lib comdlg32.lib advapi32.lib shell32.lib ole32.lib oleaut32.lib uuid.lib odbc32.lib odbccp32.lib /MANIFEST /MANIFESTUAC:"level='asInvoker' uiAccess='false'" /manifest:embed /Debug /PDB:"D:\Work\Dump\SDVAEngine\Engine\x64\Release\Engine.pdb" /SUBSYSTEM:CONSOLE /OPT:REF /OPT:ICF /LTCG:incremental /TLBID:1 /DYNAMICBASE /NXCOMPAT /IMPLIB:"D:\Work\Dump\SDVAEngine\Engine\x64\Release\Engine.lib" /MACHINE:X64 x64\Release\Engine.obj
         x64\Release\GameObjects.obj
         x64\Release\stdafx.obj
         Generating code
         1 of 211 functions ( 0.5%) were compiled, the rest were copied from previous compilation.
           0 functions were new in current compilation
           0 functions had inline decision re-evaluated but remain unchanged
         Finished generating code
         Engine.vcxproj -> D:\Work\Dump\SDVAEngine\Engine\x64\Release\Engine.exe
     1>Done Building Project "D:\Work\Dump\SDVAEngine\Engine\Engine.vcxproj" (Build target(s)).

Build succeeded.

Time Elapsed 00:00:01.87
