d:\work\dump\sdvaengine\engine\x64\release\vc140.pdb
d:\work\dump\sdvaengine\engine\x64\release\stdafx.nativecodeanalysis.xml
d:\work\dump\sdvaengine\engine\x64\release\gameobjects.nativecodeanalysis.xml
d:\work\dump\sdvaengine\engine\x64\release\engine.nativecodeanalysis.xml
d:\work\dump\sdvaengine\engine\x64\release\engine.obj
d:\work\dump\sdvaengine\engine\x64\release\gameobjects.obj
d:\work\dump\sdvaengine\engine\x64\release\stdafx.obj
d:\work\dump\sdvaengine\engine\x64\release\engine.exe
d:\work\dump\sdvaengine\engine\x64\release\engine.ipdb
d:\work\dump\sdvaengine\engine\x64\release\engine.iobj
d:\work\dump\sdvaengine\engine\x64\release\engine.pdb
d:\work\dump\sdvaengine\engine\x64\release\nativecodeanalysis.read.1.tlog
d:\work\dump\sdvaengine\engine\x64\release\vc.nativecodeanalysis.all.xml
d:\work\dump\sdvaengine\engine\x64\release\engine.exe.lastcodeanalysissucceeded
d:\work\dump\sdvaengine\engine\x64\release\engine.tlog\cl.command.1.tlog
d:\work\dump\sdvaengine\engine\x64\release\engine.tlog\cl.read.1.tlog
d:\work\dump\sdvaengine\engine\x64\release\engine.tlog\cl.write.1.tlog
d:\work\dump\sdvaengine\engine\x64\release\engine.tlog\link.command.1.tlog
d:\work\dump\sdvaengine\engine\x64\release\engine.tlog\link.read.1.tlog
d:\work\dump\sdvaengine\engine\x64\release\engine.tlog\link.write.1.tlog
